ERROR:root:block: 21000
ERROR:root:block: 21000
ERROR:root:block: 21000
ERROR:root:block: 21000
ERROR:root:block: 21000
ERROR:root:block: 21000
ERROR:root:block: 21000
ERROR:root:block: 21000
ERROR:root:block: 21000
ERROR:root:block: 21000
ERROR:root:block: 21000
ERROR:root:block: 21000
ERROR:root:block: 21000
ERROR:root:block: 21000
ERROR:root:block: 21000
ERROR:root:block: 21000
ERROR:root:block: 21000
ERROR:root:block: 21000
ERROR:root:block: 21000
ERROR:root:block: 21000
ERROR:root:block: 21000
ERROR:root:block: 21000
ERROR:root:block: 21000
ERROR:root:block: 21000
ERROR:root:block: 21000
ERROR:root:block: 21000
ERROR:root:block: 21000
ERROR:root:block: 21000
ERROR:root:block: 21000
ERROR:root:block: 21000
ERROR:root:block: 21000
ERROR:root:block: 21000
ERROR:root:block: 21000
ERROR:root:block: 21000
ERROR:root:block: 21000
ERROR:root:block: 21000
ERROR:root:block: 21000
ERROR:root:block: 21000
ERROR:root:block: 21000
ERROR:root:block: 21000
ERROR:root:block: 21000
ERROR:root:block: 21000
ERROR:root:block: 21000
ERROR:root:block: 21000
ERROR:root:block: 21000
ERROR:root:block: 23884
ERROR:root:block: 23884
ERROR:root:block: 23884
ERROR:root:block: 23884
ERROR:root:block: 23884
ERROR:root:block: 23884
ERROR:root:block: 23884
ERROR:root:block: 23884
ERROR:root:block: 23884
ERROR:root:block: 23884
ERROR:root:block: 23884
ERROR:root:block: 23884
ERROR:root:block: 23884
ERROR:root:block: 23884
ERROR:root:block: 23884
ERROR:root:block: 23884
ERROR:root:block: 23884
ERROR:root:block: 23884
ERROR:root:block: 23884
ERROR:root:block: 23884
ERROR:root:block: 23884
ERROR:root:block: 23884
ERROR:root:block: 23884
ERROR:root:block: 23884
ERROR:root:block: 23884
ERROR:root:block: 23884
ERROR:root:block: 23884
ERROR:root:block: 23884
ERROR:root:block: 23884
ERROR:root:block: 23884
ERROR:root:block: 23884
ERROR:root:block: 23884
ERROR:root:block: 23884
ERROR:root:block: 23884
ERROR:root:block: 23884
ERROR:root:block: 23884
ERROR:root:block: 23884
ERROR:root:block: 23884
ERROR:root:block: 23884
ERROR:root:block: 23884
ERROR:root:block: 23884
ERROR:root:block: 23884
ERROR:root:block: 23884
ERROR:root:block: 23884
ERROR:root:block: 23884
ERROR:root:block: 23884
ERROR:root:block: 23884
ERROR:root:block: 23884
